\BOOKMARK [0][-]{chapter.1}{\376\377\000I\000n\000t\000r\000o\000d\000u\000c\000t\000i\000o\000n}{}% 1
\BOOKMARK [1][-]{section.1.1}{\376\377\000T\000o\000p\000i\000c\000s}{chapter.1}% 2
\BOOKMARK [0][-]{chapter.2}{\376\377\000M\000a\000i\000n\000\040\000F\000u\000n\000c\000t\000i\000o\000n}{}% 3
\BOOKMARK [1][-]{section.2.1}{\376\377\000O\000v\000e\000r\000v\000i\000e\000w}{chapter.2}% 4
\BOOKMARK [1][-]{section.2.2}{\376\377\000I\000n\000p\000u\000t\000s}{chapter.2}% 5
\BOOKMARK [1][-]{section.2.3}{\376\377\000R\000e\000g\000i\000o\000n}{chapter.2}% 6
\BOOKMARK [0][-]{chapter.3}{\376\377\000R\000e\000g\000i\000o\000n\000\040\000V\000a\000r\000i\000a\000t\000i\000o\000n}{}% 7
\BOOKMARK [1][-]{section.3.1}{\376\377\000I\000m\000p\000o\000r\000t\000a\000n\000c\000e\000\040\000o\000f\000\040\000T\000i\000m\000e\000\040\000W\000i\000n\000d\000o\000w\000s}{chapter.3}% 8
\BOOKMARK [1][-]{section.3.2}{\376\377\000S\000e\000t\000-\000U\000p\000\040\000f\000o\000r\000\040\000D\000a\000i\000l\000y\000\040\000C\000o\000m\000p\000u\000t\000a\000t\000i\000o\000n\000s}{chapter.3}% 9
\BOOKMARK [1][-]{section.3.3}{\376\377\000S\000m\000o\000o\000t\000h\000i\000n\000g\000\040\000D\000e\000m\000a\000n\000d\000:\000\040\000I\000n\000t\000e\000g\000e\000r\000\040\000P\000r\000o\000g\000r\000a\000m}{chapter.3}% 10
\BOOKMARK [1][-]{section.3.4}{\376\377\000S\000m\000o\000o\000t\000h\000i\000n\000g\000\040\000D\000e\000m\000a\000n\000d\000:\000\040\000I\000m\000p\000r\000o\000v\000e\000m\000e\000n\000t\000\040\000A\000l\000g\000o\000r\000i\000t\000h\000m}{chapter.3}% 11
\BOOKMARK [1][-]{section.3.5}{\376\377\000D\000o\000c\000u\000m\000e\000n\000t\000a\000t\000i\000o\000n}{chapter.3}% 12
\BOOKMARK [0][-]{chapter.4}{\376\377\000D\000a\000i\000l\000y\000\040\000R\000o\000u\000t\000i\000n\000g}{}% 13
\BOOKMARK [1][-]{section.4.1}{\376\377\000C\000r\000e\000a\000t\000i\000n\000g\000\040\000P\000a\000r\000a\000m\000e\000t\000e\000r\000s}{chapter.4}% 14
\BOOKMARK [1][-]{section.4.2}{\376\377\000D\000e\000v\000e\000l\000o\000p\000i\000n\000g\000\040\000t\000h\000e\000\040\000M\000o\000d\000e\000l}{chapter.4}% 15
\BOOKMARK [1][-]{section.4.3}{\376\377\000R\000u\000n\000n\000i\000n\000g\000\040\000t\000h\000e\000\040\000M\000o\000d\000e\000l}{chapter.4}% 16
\BOOKMARK [1][-]{section.4.4}{\376\377\000D\000o\000c\000u\000m\000e\000n\000t\000a\000t\000i\000o\000n}{chapter.4}% 17
\BOOKMARK [0][-]{chapter.5}{\376\377\000R\000e\000p\000o\000r\000t\000i\000n\000g}{}% 18
\BOOKMARK [1][-]{section.5.1}{\376\377\000E\000q\000u\000i\000p\000m\000e\000n\000t\000\040\000H\000a\000u\000l\000e\000r\000\040\000C\000o\000s\000t}{chapter.5}% 19
\BOOKMARK [1][-]{section.5.2}{\376\377\000S\000e\000m\000i\000-\000T\000r\000u\000c\000k\000\040\000C\000o\000s\000t}{chapter.5}% 20
\BOOKMARK [1][-]{section.5.3}{\376\377\000E\000q\000u\000i\000p\000m\000e\000n\000t\000\040\000S\000e\000t\000s\000\040\000C\000o\000s\000t}{chapter.5}% 21
\BOOKMARK [1][-]{section.5.4}{\376\377\000D\000e\000c\000i\000s\000i\000o\000n}{chapter.5}% 22
\BOOKMARK [1][-]{section.5.5}{\376\377\000D\000o\000c\000u\000m\000e\000n\000t\000a\000t\000i\000o\000n}{chapter.5}% 23
\BOOKMARK [0][-]{chapter.6}{\376\377\000C\000o\000n\000c\000l\000u\000s\000i\000o\000n}{}% 24
\BOOKMARK [1][-]{section.6.1}{\376\377\000P\000o\000s\000s\000i\000b\000l\000e\000\040\000I\000m\000p\000r\000o\000v\000e\000m\000e\000n\000t\000s}{chapter.6}% 25
\BOOKMARK [1][-]{section.6.2}{\376\377\000B\000i\000o\000g\000r\000a\000p\000h\000y}{chapter.6}% 26
